<?xml version="1.0" encoding="UTF-8"?>
<testsuite xmlns:xsi="http://www.w3.org/2001/XMLSchema-instance" xsi:noNamespaceSchemaLocation="https://maven.apache.org/surefire/maven-surefire-plugin/xsd/surefire-test-report-3.0.xsd" version="3.0" name="com.finance.repository.FinancialRecordRepositoryTest" time="0.205" tests="4" errors="0" skipped="0" failures="0">
  <properties>
[...]
</properties>
  <testcase name="findByUserIdAndTransactionDateBetween_ShouldReturnRecordsInDateRange" classname="com.finance.repository.FinancialRecordRepositoryTest" time="0.007">
    <system-out><![CDATA[2026-04-05T08:05:50.973Z  INFO 16040 --- [           main] t.c.s.AnnotationConfigContextLoaderUtils : Could not detect default configuration classes for test class [com.finance.repository.FinancialRecordRepositoryTest]: FinancialRecordRepositoryTest does not declare any static, non-private, non-final, nested classes annotated with @Configuration.
2026-04-05T08:05:50.983Z  INFO 16040 --- [           main] .b.t.c.SpringBootTestContextBootstrapper : Found @SpringBootConfiguration com.finance.FinanceDashboardApplication for test class com.finance.repository.FinancialRecordRepositoryTest

  .   ____          _            __ _ _
 /\\ / ___'_ __ _ _(_)_ __  __ _ \ \ \ \
( ( )\___ | '_ | '_| | '_ \/ _` | \ \ \ \
 \\/  ___)| |_)| | | | | || (_| |  ) ) ) )
  '  |____| .__|_| |_|_| |_\__, | / / / /
 =========|_|==============|___/=/_/_/_/
 :: Spring Boot ::                (v3.2.3)

2026-04-05T08:05:50.993Z  INFO 16040 --- [           main] c.f.r.FinancialRecordRepositoryTest      : Starting FinancialRecordRepositoryTest using Java 21.0.10 with PID 16040 (started by ubuntu in /workspace/finance-dashboard)
2026-04-05T08:05:50.993Z  INFO 16040 --- [           main] c.f.r.FinancialRecordRepositoryTest      : No active profile set, falling back to 1 default profile: "default"
2026-04-05T08:05:51.022Z  INFO 16040 --- [           main] .s.d.r.c.RepositoryConfigurationDelegate : Bootstrapping Spring Data JPA repositories in DEFAULT mode.
2026-04-05T08:05:51.027Z  INFO 16040 --- [           main] .s.d.r.c.RepositoryConfigurationDelegate : Finished Spring Data repository scanning in 5 ms. Found 3 JPA repository interfaces.
2026-04-05T08:05:51.032Z  INFO 16040 --- [           main] beddedDataSourceBeanFactoryPostProcessor : Replacing 'dataSource' DataSource bean with embedded version
2026-04-05T08:05:51.039Z  INFO 16040 --- [           main] o.s.j.d.e.EmbeddedDatabaseFactory        : Starting embedded database: url='jdbc:h2:mem:7561c2eb-6a8d-4b2e-bb4f-c70f1eb5e247;DB_CLOSE_DELAY=-1;DB_CLOSE_ON_EXIT=false', username='sa'
2026-04-05T08:05:51.047Z  INFO 16040 --- [           main] o.hibernate.jpa.internal.util.LogHelper  : HHH000204: Processing PersistenceUnitInfo [name: default]
2026-04-05T08:05:51.048Z  INFO 16040 --- [           main] o.h.c.internal.RegionFactoryInitiator    : HHH000026: Second-level cache disabled
2026-04-05T08:05:51.050Z  INFO 16040 --- [           main] o.s.o.j.p.SpringPersistenceUnitInfo      : No LoadTimeWeaver setup: ignoring JPA class transformer
2026-04-05T08:05:51.051Z  WARN 16040 --- [           main] org.hibernate.orm.deprecation            : HHH90000025: H2Dialect does not need to be specified explicitly using 'hibernate.dialect' (remove the property setting and it will be selected by default)
2026-04-05T08:05:51.091Z  INFO 16040 --- [           main] o.h.e.t.j.p.i.JtaPlatformInitiator       : HHH000489: No JTA platform available (set 'hibernate.transaction.jta.platform' to enable JTA platform integration)
Hibernate: drop table if exists financial_records cascade 
Hibernate: drop table if exists refresh_tokens cascade 
Hibernate: drop table if exists users cascade 
Hibernate: create table financial_records (amount numeric(15,2) not null, transaction_date date not null, created_at timestamp(6) not null, id bigint generated by default as identity, updated_at timestamp(6) not null, user_id bigint not null, description varchar(1000), category varchar(255) not null, title varchar(255) not null, type varchar(255) not null check (type in ('INCOME','EXPENSE')), primary key (id))
Hibernate: create table refresh_tokens (created_at timestamp(6) with time zone not null, expiry_date timestamp(6) with time zone not null, id bigint generated by default as identity, user_id bigint unique, token varchar(255) not null unique, primary key (id))
Hibernate: create table users (is_active boolean not null, created_at timestamp(6) not null, id bigint generated by default as identity, updated_at timestamp(6) not null, email varchar(255) not null unique, password varchar(255) not null, role varchar(255) not null check (role in ('VIEWER','ANALYST','ADMIN')), username varchar(255) not null unique, primary key (id))
Hibernate: alter table if exists financial_records add constraint FKa97wt4k53knewh0krucd3f7ea foreign key (user_id) references users
Hibernate: alter table if exists refresh_tokens add constraint FK1lih5y2npsf8u5o3vhdb9y0os foreign key (user_id) references users
2026-04-05T08:05:51.095Z  INFO 16040 --- [           main] j.LocalContainerEntityManagerFactoryBean : Initialized JPA EntityManagerFactory for persistence unit 'default'
2026-04-05T08:05:51.151Z  INFO 16040 --- [           main] c.f.r.FinancialRecordRepositoryTest      : Started FinancialRecordRepositoryTest in 0.167 seconds (process running for 6.435)
Hibernate: insert into users (created_at,email,is_active,password,role,updated_at,username,id) values (?,?,?,?,?,?,?,default)
Hibernate: insert into financial_records (amount,category,created_at,description,title,transaction_date,type,updated_at,user_id,id) values (?,?,?,?,?,?,?,?,?,default)
Hibernate: insert into financial_records (amount,category,created_at,description,title,transaction_date,type,updated_at,user_id,id) values (?,?,?,?,?,?,?,?,?,default)
Hibernate: select fr1_0.id,fr1_0.amount,fr1_0.category,fr1_0.created_at,fr1_0.description,fr1_0.title,fr1_0.transaction_date,fr1_0.type,fr1_0.updated_at,fr1_0.user_id from financial_records fr1_0 left join users u1_0 on u1_0.id=fr1_0.user_id where u1_0.id=? and fr1_0.transaction_date between ? and ?
]]></system-out>
  </testcase>
  <testcase name="findByUserIdAndType_ShouldReturnOnlyMatchingType" classname="com.finance.repository.FinancialRecordRepositoryTest" time="0.006">
    <system-out><![CDATA[Hibernate: insert into users (created_at,email,is_active,password,role,updated_at,username,id) values (?,?,?,?,?,?,?,default)
Hibernate: insert into financial_records (amount,category,created_at,description,title,transaction_date,type,updated_at,user_id,id) values (?,?,?,?,?,?,?,?,?,default)
Hibernate: insert into financial_records (amount,category,created_at,description,title,transaction_date,type,updated_at,user_id,id) values (?,?,?,?,?,?,?,?,?,default)
Hibernate: select fr1_0.id,fr1_0.amount,fr1_0.category,fr1_0.created_at,fr1_0.description,fr1_0.title,fr1_0.transaction_date,fr1_0.type,fr1_0.updated_at,fr1_0.user_id from financial_records fr1_0 left join users u1_0 on u1_0.id=fr1_0.user_id where u1_0.id=? and fr1_0.type=?
Hibernate: select fr1_0.id,fr1_0.amount,fr1_0.category,fr1_0.created_at,fr1_0.description,fr1_0.title,fr1_0.transaction_date,fr1_0.type,fr1_0.updated_at,fr1_0.user_id from financial_records fr1_0 left join users u1_0 on u1_0.id=fr1_0.user_id where u1_0.id=? and fr1_0.type=?
]]></system-out>
  </testcase>
  <testcase name="sumAmountByUserIdAndType_ShouldReturnCorrectSum_ForExpense" classname="com.finance.repository.FinancialRecordRepositoryTest" time="0.005">
    <system-out><![CDATA[Hibernate: insert into users (created_at,email,is_active,password,role,updated_at,username,id) values (?,?,?,?,?,?,?,default)
Hibernate: insert into financial_records (amount,category,created_at,description,title,transaction_date,type,updated_at,user_id,id) values (?,?,?,?,?,?,?,?,?,default)
Hibernate: insert into financial_records (amount,category,created_at,description,title,transaction_date,type,updated_at,user_id,id) values (?,?,?,?,?,?,?,?,?,default)
Hibernate: select sum(fr1_0.amount) from financial_records fr1_0 where fr1_0.user_id=? and fr1_0.type=?
]]></system-out>
  </testcase>
  <testcase name="sumAmountByUserIdAndType_ShouldReturnCorrectSum_ForIncome" classname="com.finance.repository.FinancialRecordRepositoryTest" time="0.005">
    <system-out><![CDATA[Hibernate: insert into users (created_at,email,is_active,password,role,updated_at,username,id) values (?,?,?,?,?,?,?,default)
Hibernate: insert into financial_records (amount,category,created_at,description,title,transaction_date,type,updated_at,user_id,id) values (?,?,?,?,?,?,?,?,?,default)
Hibernate: insert into financial_records (amount,category,created_at,description,title,transaction_date,type,updated_at,user_id,id) values (?,?,?,?,?,?,?,?,?,default)
Hibernate: insert into financial_records (amount,category,created_at,description,title,transaction_date,type,updated_at,user_id,id) values (?,?,?,?,?,?,?,?,?,default)
Hibernate: select sum(fr1_0.amount) from financial_records fr1_0 where fr1_0.user_id=? and fr1_0.type=?
]]></system-out>
  </testcase>
</testsuite>