<?xml version="1.0" encoding="UTF-8"?>
<testsuite xmlns:xsi="http://www.w3.org/2001/XMLSchema-instance" xsi:noNamespaceSchemaLocation="https://maven.apache.org/surefire/maven-surefire-plugin/xsd/surefire-test-report-3.0.xsd" version="3.0" name="com.finance.FinanceDashboardIntegrationTest" time="2.941" tests="1" errors="0" skipped="0" failures="0">
  <properties>
[...]
</properties>
  <testcase name="fullFlow_ShouldWorkEndToEnd" classname="com.finance.FinanceDashboardIntegrationTest" time="0.41">
    <system-out><![CDATA[2026-04-05T08:05:48.031Z  INFO 16040 --- [           main] t.c.s.AnnotationConfigContextLoaderUtils : Could not detect default configuration classes for test class [com.finance.FinanceDashboardIntegrationTest]: FinanceDashboardIntegrationTest does not declare any static, non-private, non-final, nested classes annotated with @Configuration.
2026-04-05T08:05:48.035Z  INFO 16040 --- [           main] .b.t.c.SpringBootTestContextBootstrapper : Found @SpringBootConfiguration com.finance.FinanceDashboardApplication for test class com.finance.FinanceDashboardIntegrationTest

  .   ____          _            __ _ _
 /\\ / ___'_ __ _ _(_)_ __  __ _ \ \ \ \
( ( )\___ | '_ | '_| | '_ \/ _` | \ \ \ \
 \\/  ___)| |_)| | | | | || (_| |  ) ) ) )
  '  |____| .__|_| |_|_| |_\__, | / / / /
 =========|_|==============|___/=/_/_/_/
 :: Spring Boot ::                (v3.2.3)

2026-04-05T08:05:48.047Z  INFO 16040 --- [           main] c.f.FinanceDashboardIntegrationTest      : Starting FinanceDashboardIntegrationTest using Java 21.0.10 with PID 16040 (started by ubuntu in /workspace/finance-dashboard)
2026-04-05T08:05:48.047Z  INFO 16040 --- [           main] c.f.FinanceDashboardIntegrationTest      : No active profile set, falling back to 1 default profile: "default"
2026-04-05T08:05:48.341Z  INFO 16040 --- [           main] .s.d.r.c.RepositoryConfigurationDelegate : Bootstrapping Spring Data JPA repositories in DEFAULT mode.
2026-04-05T08:05:48.362Z  INFO 16040 --- [           main] .s.d.r.c.RepositoryConfigurationDelegate : Finished Spring Data repository scanning in 18 ms. Found 3 JPA repository interfaces.
2026-04-05T08:05:48.613Z  INFO 16040 --- [           main] o.hibernate.jpa.internal.util.LogHelper  : HHH000204: Processing PersistenceUnitInfo [name: default]
2026-04-05T08:05:48.657Z  INFO 16040 --- [           main] org.hibernate.Version                    : HHH000412: Hibernate ORM core version 6.4.4.Final
2026-04-05T08:05:48.672Z  INFO 16040 --- [           main] o.h.c.internal.RegionFactoryInitiator    : HHH000026: Second-level cache disabled
2026-04-05T08:05:48.721Z  INFO 16040 --- [           main] o.s.o.j.p.SpringPersistenceUnitInfo      : No LoadTimeWeaver setup: ignoring JPA class transformer
2026-04-05T08:05:48.733Z  INFO 16040 --- [           main] com.zaxxer.hikari.HikariDataSource       : HikariPool-1 - Starting...
2026-04-05T08:05:48.827Z  INFO 16040 --- [           main] com.zaxxer.hikari.pool.HikariPool        : HikariPool-1 - Added connection conn0: url=jdbc:h2:mem:testdb user=SA
2026-04-05T08:05:48.828Z  INFO 16040 --- [           main] com.zaxxer.hikari.HikariDataSource       : HikariPool-1 - Start completed.
2026-04-05T08:05:48.840Z  WARN 16040 --- [           main] org.hibernate.orm.deprecation            : HHH90000025: H2Dialect does not need to be specified explicitly using 'hibernate.dialect' (remove the property setting and it will be selected by default)
2026-04-05T08:05:49.228Z  INFO 16040 --- [           main] o.h.e.t.j.p.i.JtaPlatformInitiator       : HHH000489: No JTA platform available (set 'hibernate.transaction.jta.platform' to enable JTA platform integration)
Hibernate: drop table if exists financial_records cascade 
Hibernate: drop table if exists refresh_tokens cascade 
Hibernate: drop table if exists users cascade 
Hibernate: create table financial_records (amount numeric(15,2) not null, transaction_date date not null, created_at timestamp(6) not null, id bigint generated by default as identity, updated_at timestamp(6) not null, user_id bigint not null, description varchar(1000), category varchar(255) not null, title varchar(255) not null, type varchar(255) not null check (type in ('INCOME','EXPENSE')), primary key (id))
Hibernate: create table refresh_tokens (created_at timestamp(6) with time zone not null, expiry_date timestamp(6) with time zone not null, id bigint generated by default as identity, user_id bigint unique, token varchar(255) not null unique, primary key (id))
Hibernate: create table users (is_active boolean not null, created_at timestamp(6) not null, id bigint generated by default as identity, updated_at timestamp(6) not null, email varchar(255) not null unique, password varchar(255) not null, role varchar(255) not null check (role in ('VIEWER','ANALYST','ADMIN')), username varchar(255) not null unique, primary key (id))
Hibernate: alter table if exists financial_records add constraint FKa97wt4k53knewh0krucd3f7ea foreign key (user_id) references users
Hibernate: alter table if exists refresh_tokens add constraint FK1lih5y2npsf8u5o3vhdb9y0os foreign key (user_id) references users
2026-04-05T08:05:49.259Z  INFO 16040 --- [           main] j.LocalContainerEntityManagerFactoryBean : Initialized JPA EntityManagerFactory for persistence unit 'default'
2026-04-05T08:05:49.546Z  INFO 16040 --- [           main] o.s.d.j.r.query.QueryEnhancerFactory     : Hibernate is in classpath; If applicable, HQL parser will be used.
2026-04-05T08:05:49.966Z  WARN 16040 --- [           main] JpaBaseConfiguration$JpaWebConfiguration : spring.jpa.open-in-view is enabled by default. Therefore, database queries may be performed during view rendering. Explicitly configure spring.jpa.open-in-view to disable this warning
2026-04-05T08:05:50.171Z  INFO 16040 --- [           main] o.s.b.a.e.web.EndpointLinksResolver      : Exposing 3 endpoint(s) beneath base path '/actuator'
2026-04-05T08:05:50.207Z  INFO 16040 --- [           main] o.s.s.web.DefaultSecurityFilterChain     : Will secure any request with [org.springframework.security.web.session.DisableEncodeUrlFilter@6d05a0a2, org.springframework.security.web.context.request.async.WebAsyncManagerIntegrationFilter@721e1bdf, org.springframework.security.web.context.SecurityContextHolderFilter@44ce4591, org.springframework.security.web.header.HeaderWriterFilter@549bae75, org.springframework.web.filter.CorsFilter@15ffcd0c, org.springframework.security.web.authentication.logout.LogoutFilter@3e97cdeb, com.finance.security.JwtAuthenticationFilter@6272fe30, org.springframework.security.web.savedrequest.RequestCacheAwareFilter@4182abba, org.springframework.security.web.servletapi.SecurityContextHolderAwareRequestFilter@53e62429, org.springframework.security.web.authentication.AnonymousAuthenticationFilter@4e725977, org.springframework.security.web.session.SessionManagementFilter@3b729e06, org.springframework.security.web.access.ExceptionTranslationFilter@7082d3e2, org.springframework.security.web.access.intercept.AuthorizationFilter@153daff]
2026-04-05T08:05:50.475Z  INFO 16040 --- [           main] o.s.b.t.m.w.SpringBootMockServletContext : Initializing Spring TestDispatcherServlet ''
2026-04-05T08:05:50.475Z  INFO 16040 --- [           main] o.s.t.web.servlet.TestDispatcherServlet  : Initializing Servlet ''
2026-04-05T08:05:50.475Z  INFO 16040 --- [           main] o.s.t.web.servlet.TestDispatcherServlet  : Completed initialization in 0 ms
2026-04-05T08:05:50.517Z  INFO 16040 --- [           main] c.f.FinanceDashboardIntegrationTest      : Started FinanceDashboardIntegrationTest in 2.48 seconds (process running for 5.801)
2026-04-05T08:05:50.576Z  INFO 16040 --- [           main] c.finance.filter.RequestLoggingFilter    : [REQUEST] POST /api/v1/auth/register - IP: 127.0.0.1
2026-04-05T08:05:50.581Z  INFO 16040 --- [           main] com.finance.controller.AuthController    : Register request for user: integrationuser
2026-04-05T08:05:50.582Z  INFO 16040 --- [           main] c.finance.service.impl.AuthServiceImpl   : Registering user: integrationuser
Hibernate: select u1_0.id from users u1_0 where u1_0.username=? fetch first ? rows only
Hibernate: select u1_0.id from users u1_0 where u1_0.email=? fetch first ? rows only
Hibernate: insert into users (created_at,email,is_active,password,role,updated_at,username,id) values (?,?,?,?,?,?,?,default)
Hibernate: select rt1_0.id,rt1_0.created_at,rt1_0.expiry_date,rt1_0.token,rt1_0.user_id from refresh_tokens rt1_0 where rt1_0.user_id=?
Hibernate: insert into refresh_tokens (created_at,expiry_date,token,user_id,id) values (?,?,?,?,default)
2026-04-05T08:05:50.746Z  INFO 16040 --- [           main] c.finance.filter.RequestLoggingFilter    : [RESPONSE] POST /api/v1/auth/register - 201 - 171ms
2026-04-05T08:05:50.749Z  INFO 16040 --- [           main] c.finance.filter.RequestLoggingFilter    : [REQUEST] POST /api/v1/auth/login - IP: 127.0.0.1
2026-04-05T08:05:50.750Z  INFO 16040 --- [           main] com.finance.controller.AuthController    : Login attempt for user: integrationuser
Hibernate: select u1_0.id,u1_0.created_at,u1_0.email,u1_0.is_active,u1_0.password,u1_0.role,u1_0.updated_at,u1_0.username from users u1_0 where u1_0.username=?
Hibernate: select u1_0.id,u1_0.created_at,u1_0.email,u1_0.is_active,u1_0.password,u1_0.role,u1_0.updated_at,u1_0.username from users u1_0 where u1_0.username=?
Hibernate: select rt1_0.id,rt1_0.created_at,rt1_0.expiry_date,rt1_0.token,rt1_0.user_id from refresh_tokens rt1_0 where rt1_0.user_id=?
Hibernate: delete from refresh_tokens where id=?
Hibernate: insert into refresh_tokens (created_at,expiry_date,token,user_id,id) values (?,?,?,?,default)
2026-04-05T08:05:50.886Z  INFO 16040 --- [           main] c.finance.filter.RequestLoggingFilter    : [RESPONSE] POST /api/v1/auth/login - 200 - 137ms
Hibernate: select u1_0.id,u1_0.created_at,u1_0.email,u1_0.is_active,u1_0.password,u1_0.role,u1_0.updated_at,u1_0.username from users u1_0 where u1_0.username=?
2026-04-05T08:05:50.901Z  INFO 16040 --- [           main] c.finance.filter.RequestLoggingFilter    : [REQUEST] POST /api/v1/records - IP: 127.0.0.1
2026-04-05T08:05:50.908Z  INFO 16040 --- [           main] c.f.c.FinancialRecordController          : Creating financial record for user integrationuser
2026-04-05T08:05:50.909Z  INFO 16040 --- [           main] c.f.s.impl.FinancialRecordServiceImpl    : Creating financial record for user: integrationuser with title Integration Test Salary
Hibernate: select u1_0.id,u1_0.created_at,u1_0.email,u1_0.is_active,u1_0.password,u1_0.role,u1_0.updated_at,u1_0.username from users u1_0 where u1_0.username=?
Hibernate: insert into financial_records (amount,category,created_at,description,title,transaction_date,type,updated_at,user_id,id) values (?,?,?,?,?,?,?,?,?,default)
2026-04-05T08:05:50.914Z  INFO 16040 --- [           main] c.finance.filter.RequestLoggingFilter    : [RESPONSE] POST /api/v1/records - 201 - 13ms
Hibernate: select u1_0.id,u1_0.created_at,u1_0.email,u1_0.is_active,u1_0.password,u1_0.role,u1_0.updated_at,u1_0.username from users u1_0 where u1_0.username=?
2026-04-05T08:05:50.918Z  INFO 16040 --- [           main] c.finance.filter.RequestLoggingFilter    : [REQUEST] GET /api/v1/records - IP: 127.0.0.1
Hibernate: select u1_0.id,u1_0.created_at,u1_0.email,u1_0.is_active,u1_0.password,u1_0.role,u1_0.updated_at,u1_0.username from users u1_0 where u1_0.username=?
Hibernate: select fr1_0.id,fr1_0.amount,fr1_0.category,fr1_0.created_at,fr1_0.description,fr1_0.title,fr1_0.transaction_date,fr1_0.type,fr1_0.updated_at,fr1_0.user_id from financial_records fr1_0 where fr1_0.user_id=? offset ? rows fetch first ? rows only
2026-04-05T08:05:50.927Z  INFO 16040 --- [           main] c.finance.filter.RequestLoggingFilter    : [RESPONSE] GET /api/v1/records - 200 - 9ms
Hibernate: select u1_0.id,u1_0.created_at,u1_0.email,u1_0.is_active,u1_0.password,u1_0.role,u1_0.updated_at,u1_0.username from users u1_0 where u1_0.username=?
2026-04-05T08:05:50.933Z  INFO 16040 --- [           main] c.finance.filter.RequestLoggingFilter    : [REQUEST] GET /api/v1/dashboard/summary - IP: 127.0.0.1
2026-04-05T08:05:50.933Z  INFO 16040 --- [           main] c.f.controller.DashboardController       : Loading dashboard summary for user integrationuser
Hibernate: select u1_0.id,u1_0.created_at,u1_0.email,u1_0.is_active,u1_0.password,u1_0.role,u1_0.updated_at,u1_0.username from users u1_0 where u1_0.username=?
Hibernate: select fr1_0.id,fr1_0.amount,fr1_0.category,fr1_0.created_at,fr1_0.description,fr1_0.title,fr1_0.transaction_date,fr1_0.type,fr1_0.updated_at,fr1_0.user_id from financial_records fr1_0 left join users u1_0 on u1_0.id=fr1_0.user_id where u1_0.id=?
Hibernate: select fr1_0.category,sum(case when fr1_0.type='INCOME' then fr1_0.amount else -fr1_0.amount end) from financial_records fr1_0 where fr1_0.user_id=? group by fr1_0.category
Hibernate: select fr1_0.id,fr1_0.amount,fr1_0.category,fr1_0.created_at,fr1_0.description,fr1_0.title,fr1_0.transaction_date,fr1_0.type,fr1_0.updated_at,fr1_0.user_id from financial_records fr1_0 left join users u1_0 on u1_0.id=fr1_0.user_id where u1_0.id=? and fr1_0.transaction_date between ? and ?
Hibernate: select fr1_0.id,fr1_0.amount,fr1_0.category,fr1_0.created_at,fr1_0.description,fr1_0.title,fr1_0.transaction_date,fr1_0.type,fr1_0.updated_at,fr1_0.user_id from financial_records fr1_0 left join users u1_0 on u1_0.id=fr1_0.user_id where u1_0.id=? and fr1_0.transaction_date between ? and ?
Hibernate: select fr1_0.id,fr1_0.amount,fr1_0.category,fr1_0.created_at,fr1_0.description,fr1_0.title,fr1_0.transaction_date,fr1_0.type,fr1_0.updated_at,fr1_0.user_id from financial_records fr1_0 left join users u1_0 on u1_0.id=fr1_0.user_id where u1_0.id=? and fr1_0.transaction_date between ? and ?
Hibernate: select fr1_0.id,fr1_0.amount,fr1_0.category,fr1_0.created_at,fr1_0.description,fr1_0.title,fr1_0.transaction_date,fr1_0.type,fr1_0.updated_at,fr1_0.user_id from financial_records fr1_0 left join users u1_0 on u1_0.id=fr1_0.user_id where u1_0.id=? and fr1_0.transaction_date between ? and ?
Hibernate: select fr1_0.id,fr1_0.amount,fr1_0.category,fr1_0.created_at,fr1_0.description,fr1_0.title,fr1_0.transaction_date,fr1_0.type,fr1_0.updated_at,fr1_0.user_id from financial_records fr1_0 left join users u1_0 on u1_0.id=fr1_0.user_id where u1_0.id=? and fr1_0.transaction_date between ? and ?
Hibernate: select fr1_0.id,fr1_0.amount,fr1_0.category,fr1_0.created_at,fr1_0.description,fr1_0.title,fr1_0.transaction_date,fr1_0.type,fr1_0.updated_at,fr1_0.user_id from financial_records fr1_0 left join users u1_0 on u1_0.id=fr1_0.user_id where u1_0.id=? and fr1_0.transaction_date between ? and ?
Hibernate: select fr1_0.id,fr1_0.amount,fr1_0.category,fr1_0.created_at,fr1_0.description,fr1_0.title,fr1_0.transaction_date,fr1_0.type,fr1_0.updated_at,fr1_0.user_id from financial_records fr1_0 left join users u1_0 on u1_0.id=fr1_0.user_id where u1_0.id=? and fr1_0.transaction_date between ? and ?
Hibernate: select fr1_0.id,fr1_0.amount,fr1_0.category,fr1_0.created_at,fr1_0.description,fr1_0.title,fr1_0.transaction_date,fr1_0.type,fr1_0.updated_at,fr1_0.user_id from financial_records fr1_0 left join users u1_0 on u1_0.id=fr1_0.user_id where u1_0.id=? and fr1_0.transaction_date between ? and ?
Hibernate: select fr1_0.id,fr1_0.amount,fr1_0.category,fr1_0.created_at,fr1_0.description,fr1_0.title,fr1_0.transaction_date,fr1_0.type,fr1_0.updated_at,fr1_0.user_id from financial_records fr1_0 left join users u1_0 on u1_0.id=fr1_0.user_id where u1_0.id=? and fr1_0.transaction_date between ? and ?
Hibernate: select fr1_0.id,fr1_0.amount,fr1_0.category,fr1_0.created_at,fr1_0.description,fr1_0.title,fr1_0.transaction_date,fr1_0.type,fr1_0.updated_at,fr1_0.user_id from financial_records fr1_0 left join users u1_0 on u1_0.id=fr1_0.user_id where u1_0.id=? and fr1_0.transaction_date between ? and ?
Hibernate: select fr1_0.id,fr1_0.amount,fr1_0.category,fr1_0.created_at,fr1_0.description,fr1_0.title,fr1_0.transaction_date,fr1_0.type,fr1_0.updated_at,fr1_0.user_id from financial_records fr1_0 left join users u1_0 on u1_0.id=fr1_0.user_id where u1_0.id=? and fr1_0.transaction_date between ? and ?
Hibernate: select fr1_0.id,fr1_0.amount,fr1_0.category,fr1_0.created_at,fr1_0.description,fr1_0.title,fr1_0.transaction_date,fr1_0.type,fr1_0.updated_at,fr1_0.user_id from financial_records fr1_0 left join users u1_0 on u1_0.id=fr1_0.user_id where u1_0.id=? and fr1_0.transaction_date between ? and ?
2026-04-05T08:05:50.964Z  INFO 16040 --- [           main] c.finance.filter.RequestLoggingFilter    : [RESPONSE] GET /api/v1/dashboard/summary - 200 - 32ms
]]></system-out>
  </testcase>
</testsuite>